{
  "stats": {
    "suites": 1,
    "tests": 2,
    "passes": 2,
    "pending": 0,
    "failures": 0,
    "start": "2024-03-27T07:51:39.895Z",
    "end": "2024-03-27T07:52:14.487Z",
    "duration": 34592,
    "testsRegistered": 2,
    "passPercent": 100,
    "pendingPercent": 0,
    "other": 0,
    "hasOther": false,
    "skipped": 0,
    "hasSkipped": false
  },
  "results": [
    {
      "uuid": "d0f8a808-b16b-4c85-ad77-057d8ff97e3c",
      "title": "",
      "fullFile": "cypress/e2e/integration/tests/productSpec.cy.js",
      "file": "cypress/e2e/integration/tests/productSpec.cy.js",
      "beforeHooks": [],
      "afterHooks": [],
      "tests": [],
      "suites": [
        {
          "uuid": "6bb8261f-e84a-4513-93b4-9551e99c1ff1",
          "title": "Product Test",
          "fullFile": "",
          "file": "",
          "beforeHooks": [],
          "afterHooks": [],
          "tests": [
            {
              "title": "Automate the process of browsing products across different categories.",
              "fullTitle": "Product Test Automate the process of browsing products across different categories.",
              "timedOut": null,
              "duration": 21622,
              "state": "passed",
              "speed": "slow",
              "pass": true,
              "fail": false,
              "pending": false,
              "context": null,
              "code": "// actions\ncy.get(_categoryPage.default.lblCategoryWomen).click();\ncy.get(_categoryPage.default.lblSCWomenDresses).click();\n// assertions\ncy.url().should('eq', baseUrl + 'category_products/1');\ncy.get(_productPage.default.productColumns).should('be.visible');\ncy.get(_productPage.default.lblProduct1Name).should('have.text', 'Sleeveless Dress');\ncy.get(_productPage.default.lblProduct1Price).should('have.text', 'Rs. 1000');\ncy.get(_productPage.default.btnAddToCart).should('be.visible');\n// actions\ncy.get(_productPage.default.btnAddToCart).first().click();\n// assertions\ncy.get(_cartModelPage.default.cartModel).should('be.visible', {\n  timeout: 10000\n});\ncy.get(_cartModelPage.default.lblAdded).should('have.text', 'Added!');\ncy.get(_cartModelPage.default.btnContinueShopping).should('be.visible');\n// actions\ncy.get(_cartModelPage.default.btnContinueShopping).click();\ncy.get(_categoryPage.default.lblCategoryMen).click();\ncy.get(_categoryPage.default.lblSCMenJeans).click();\n// assertions\ncy.url().should('eq', baseUrl + 'category_products/6');\ncy.get(_productPage.default.productColumns).should('be.visible');\ncy.get(_productPage.default.lblProduct1Name).should('have.text', 'Soft Stretch Jeans');\ncy.get(_productPage.default.lblProduct1Price).should('have.text', 'Rs. 799');\ncy.get(_productPage.default.btnAddToCart).should('be.visible');\n// actions\ncy.get(_productPage.default.btnAddToCart).first().click();\n// assertions\ncy.get(_cartModelPage.default.cartModel).should('be.visible');\ncy.get(_cartModelPage.default.lblAdded).should('have.text', 'Added!');\ncy.get(_cartModelPage.default.btnContinueShopping).should('be.visible');\n// actions\ncy.get(_cartModelPage.default.btnContinueShopping).click();\ncy.get(_categoryPage.default.lblCategoryKids).click();\ncy.get(_categoryPage.default.lblSCKidsTshirtsAndJeans).click();\n// assertions\ncy.url().should('eq', baseUrl + 'category_products/5');\ncy.get(_productPage.default.productColumns).should('be.visible');\ncy.get(_productPage.default.lblProduct1Name).should('have.text', 'Sleeves Printed Top - White');\ncy.get(_productPage.default.lblProduct1Price).should('have.text', 'Rs. 499');\ncy.get(_productPage.default.btnAddToCart).should('be.visible');\n// actions\ncy.get(_productPage.default.btnAddToCart).first().click();\n// assertions\ncy.get(_cartModelPage.default.cartModel).should('be.visible');\ncy.get(_cartModelPage.default.lblAdded).should('have.text', 'Added!');\ncy.get(_cartModelPage.default.btnContinueShopping).should('be.visible');\n// teardown\ncy.get(_cartModelPage.default.lnkCart).click();\n_cartDetailsPage.default.deleteItemFromTable('Sleeves Printed Top - White');\n_cartDetailsPage.default.deleteItemFromTable('Sleeveless Dress');\n_cartDetailsPage.default.deleteItemFromTable('Soft Stretch Jeans');\n_cartDetailsPage.default.checkRowCount(0);",
              "err": {},
              "uuid": "66bb9dfb-b3ab-4a62-938a-632875d19a57",
              "parentUUID": "6bb8261f-e84a-4513-93b4-9551e99c1ff1",
              "isHook": false,
              "skipped": false
            },
            {
              "title": "Verify that the product details are displayed correctly on the product page.",
              "fullTitle": "Product Test Verify that the product details are displayed correctly on the product page.",
              "timedOut": null,
              "duration": 12836,
              "state": "passed",
              "speed": "slow",
              "pass": true,
              "fail": false,
              "pending": false,
              "context": null,
              "code": "// actions\ncy.get(_categoryPage.default.lblCategoryWomen).click();\ncy.get(_categoryPage.default.lblSCWomenDresses).click();\n// assertions\ncy.url().should('eq', baseUrl + 'category_products/1');\ncy.get(_productPage.default.productColumns).should('be.visible');\ncy.get(_productPage.default.lblProduct1Name).should('have.text', 'Sleeveless Dress');\ncy.get(_productPage.default.lblProduct1Price).should('have.text', 'Rs. 1000');\ncy.get(_productPage.default.btnAddToCart).should('be.visible');\ncy.get(_productPage.default.productColumns).should('be.visible');\ncy.get(_productPage.default.lblProduct2Name).should('have.text', 'Stylish Dress');\ncy.get(_productPage.default.lblProduct2Price).should('have.text', 'Rs. 1500');\ncy.get(_productPage.default.btnAddToCart).should('be.visible');\ncy.get(_productPage.default.productColumns).should('be.visible');\ncy.get(_productPage.default.lblProduct3Name).should('have.text', 'Rose Pink Embroidered Maxi Dress');\ncy.get(_productPage.default.lblProduct3Price).should('have.text', 'Rs. 2300');\ncy.get(_productPage.default.btnAddToCart).should('be.visible');",
              "err": {},
              "uuid": "b1b78a98-eafa-4cec-97c6-eed01672bd47",
              "parentUUID": "6bb8261f-e84a-4513-93b4-9551e99c1ff1",
              "isHook": false,
              "skipped": false
            }
          ],
          "suites": [],
          "passes": [
            "66bb9dfb-b3ab-4a62-938a-632875d19a57",
            "b1b78a98-eafa-4cec-97c6-eed01672bd47"
          ],
          "failures": [],
          "pending": [],
          "skipped": [],
          "duration": 34458,
          "root": false,
          "rootEmpty": false,
          "_timeout": 2000
        }
      ],
      "passes": [],
      "failures": [],
      "pending": [],
      "skipped": [],
      "duration": 0,
      "root": true,
      "rootEmpty": true,
      "_timeout": 2000
    }
  ],
  "meta": {
    "mocha": {
      "version": "7.0.1"
    },
    "mochawesome": {
      "options": {
        "quiet": false,
        "reportFilename": "mochawesome",
        "saveHtml": true,
        "saveJson": true,
        "consoleReporter": "spec",
        "useInlineDiffs": false,
        "code": true
      },
      "version": "7.1.3"
    },
    "marge": {
      "options": null,
      "version": "6.2.0"
    }
  }
}